<?xml version="1.0" encoding="UTF-8"?>
<!-- Generated by org.testng.reporters.JUnitXMLReporter -->
<testsuite ignored="0" hostname="DESKTOP-H4J5F89" failures="0" tests="3" name="Default test" time="11.48" errors="0" timestamp="2024-12-31T16:31:41 IST">
  <testcase classname="stabilityFlow.ManiflowLogin" name="Step4_1_1" time="3.918"/>
  <testcase classname="stabilityFlow.ManiflowLogin" name="Step4_1_2" time="4.031"/>
  <testcase classname="stabilityFlow.Department" name="Step4_2_3" time="0.115"/>
</testsuite> <!-- Default test -->
