<?xml version="1.0" encoding="UTF-8"?>
<!-- Generated by org.testng.reporters.JUnitXMLReporter -->
<testsuite ignored="0" hostname="DESKTOP-H4J5F89" failures="0" tests="3" name="Test" time="14.934" errors="0" timestamp="2024-12-30T10:41:32 IST">
  <testcase classname="stabilityFlow.Loginpage" name="TestCase4_1_1" time="4.547"/>
  <testcase classname="stabilityFlow.Loginpage" name="TestCase4_1_2" time="5.205"/>
  <testcase classname="stabilityFlow.Loginpage" name="TestCase4_1_3" time="2.472"/>
</testsuite> <!-- Test -->
