<?xml version="1.0" encoding="UTF-8"?>
<testng-results ignored="0" total="3" passed="3" failed="0" skipped="0">
  <reporter-output>
  </reporter-output>
  <suite started-at="2024-12-31T16:31:29 IST" name="Default suite" finished-at="2024-12-31T16:31:40 IST" duration-ms="11480">
    <groups>
    </groups>
    <test started-at="2024-12-31T16:31:29 IST" name="Default test" finished-at="2024-12-31T16:31:40 IST" duration-ms="11480">
      <class name="stabilityFlow.Department">
        <test-method is-config="true" signature="browserLogin()[pri:0, instance:stabilityFlow.Department@517566b]" started-at="2024-12-31T16:31:29 IST" name="browserLogin" finished-at="2024-12-31T16:31:31 IST" duration-ms="2159" status="PASS">
          <reporter-output>
          </reporter-output>
        </test-method> <!-- browserLogin -->
        <test-method is-config="true" signature="lp()[pri:0, instance:stabilityFlow.Department@517566b]" started-at="2024-12-31T16:31:32 IST" name="lp" finished-at="2024-12-31T16:31:32 IST" duration-ms="60" status="PASS">
          <reporter-output>
          </reporter-output>
        </test-method> <!-- lp -->
        <test-method signature="Step4_1_1()[pri:1, instance:stabilityFlow.Department@517566b]" started-at="2024-12-31T16:31:32 IST" name="Step4_1_1" finished-at="2024-12-31T16:31:36 IST" duration-ms="3918" status="PASS">
          <reporter-output>
          </reporter-output>
        </test-method> <!-- Step4_1_1 -->
        <test-method is-config="true" signature="lp()[pri:0, instance:stabilityFlow.Department@517566b]" started-at="2024-12-31T16:31:36 IST" name="lp" finished-at="2024-12-31T16:31:36 IST" duration-ms="4" status="PASS">
          <reporter-output>
          </reporter-output>
        </test-method> <!-- lp -->
        <test-method signature="Step4_1_2()[pri:2, instance:stabilityFlow.Department@517566b]" started-at="2024-12-31T16:31:36 IST" name="Step4_1_2" finished-at="2024-12-31T16:31:40 IST" duration-ms="4031" status="PASS">
          <reporter-output>
          </reporter-output>
        </test-method> <!-- Step4_1_2 -->
        <test-method is-config="true" signature="lp()[pri:0, instance:stabilityFlow.Department@517566b]" started-at="2024-12-31T16:31:40 IST" name="lp" finished-at="2024-12-31T16:31:40 IST" duration-ms="4" status="PASS">
          <reporter-output>
          </reporter-output>
        </test-method> <!-- lp -->
        <test-method signature="Step4_2_3()[pri:3, instance:stabilityFlow.Department@517566b]" started-at="2024-12-31T16:31:40 IST" name="Step4_2_3" finished-at="2024-12-31T16:31:40 IST" duration-ms="115" status="PASS">
          <reporter-output>
          </reporter-output>
        </test-method> <!-- Step4_2_3 -->
        <test-method is-config="true" signature="tearDown()[pri:0, instance:stabilityFlow.Department@517566b]" started-at="2024-12-31T16:31:40 IST" name="tearDown" finished-at="2024-12-31T16:31:40 IST" duration-ms="631" status="PASS">
          <reporter-output>
          </reporter-output>
        </test-method> <!-- tearDown -->
      </class> <!-- stabilityFlow.Department -->
    </test> <!-- Default test -->
  </suite> <!-- Default suite -->
</testng-results>
